Removed Pin From Net: NetName=+5 Pin=JP1-1
Removed Pin From Net: NetName=IO18 Pin=JP1-2
Removed Pin From Net: NetName=IO5 Pin=JP1-3
Removed Pin From Net: NetName=IO0 Pin=JP1-4
Removed Pin From Net: NetName=IO23 Pin=JP1-5
Removed Pin From Net: NetName=IO26 Pin=JP1-6
Removed Pin From Net: NetName=IO25 Pin=JP1-7
Removed Pin From Net: NetName=IO35 Pin=JP1-8
Removed Pin From Net: NetName=GND Pin=JP1-9
Removed Pin From Net: NetName=GND Pin=JP1-10
Removed Member From Class: ClassName=ESP32 Member=JP1
Removed Member From Class: ClassName=Power Member=R5
Removed Member From Class: ClassName=Power Member=R7
Added Member To Class: ClassName=ESP32 Member=Component LED1 LED
Added Member To Class: ClassName=ESP32 Member=Component LED2 LED
Added Member To Class: ClassName=Power Member=Component LED3 LED
Added Member To Class: ClassName=ESP32 Member=Component R2 10k
Added Member To Class: ClassName=ESP32 Member=Component R4 10k
Added Member To Class: ClassName=ESP32 Member=Component R5 1k
Added Member To Class: ClassName=ESP32 Member=Component R6 10k
Added Member To Class: ClassName=ESP32 Member=Component R7 10k
Added Member To Class: ClassName=Power Member=Component R8 2R/2W
Added Member To Class: ClassName=Power Member=Component R10 200k/2W
Added Member To Class: ClassName=Power Member=Component R12 1k
Added Member To Class: ClassName=Power Member=Component R14 3.3k
Added Member To Class: ClassName=Power Member=Component R16 10k
