Removed Pin From Net: NetName=NetC1_1 Pin=U1-1
Removed Pin From Net: NetName=GND_AC Pin=U1-4
Change Component Designator: OldDesignator=IC1 NewDesignator=IC2
Change Component Designator: OldDesignator=IC2 NewDesignator=IC3
Change Component Designator: OldDesignator=IC3 NewDesignator=IC4
Change Component Designator: OldDesignator=U2 NewDesignator=U1
Change Component Designator: OldDesignator=U3 NewDesignator=U2
Change Component Designator: OldDesignator=U4 NewDesignator=U3
Change Component Designator: OldDesignator=U5 NewDesignator=U4
Added Component: Designator=IC1(MB6S)
Added Pin To Net: NetName=NetC1_1 Pin=IC1-1
Added Pin To Net: NetName=GND_AC Pin=IC1-2
Change Net Name : Old Net Name=NetIC1_4 New Net Name=NetIC2_4
Change Net Name : Old Net Name=NetIC2_3 New Net Name=NetIC3_3
Added Pin To Net: NetName=NetIC1_3 Pin=IC1-3
Added Pin To Net: NetName=NetIC1_3 Pin=L1-3
Added Net: Name=NetIC1_3
Added Pin To Net: NetName=NetIC1_4 Pin=IC1-4
Added Pin To Net: NetName=NetIC1_4 Pin=L1-1
Added Net: Name=NetIC1_4
Added Member To Class: ClassName=SmartSwitchV3 Member=Component IC2 TNY264
Added Member To Class: ClassName=SmartSwitchV3 Member=Component IC4 TTP224
Added Member To Class: ClassName=SmartSwitchV3 Member=Component U2 ESP32-WROOM-32
