Change Component Designator: OldDesignator=C? NewDesignator=C1
Change Component Designator: OldDesignator=C? NewDesignator=C2
Change Component Designator: OldDesignator=C? NewDesignator=C3
Change Component Designator: OldDesignator=C? NewDesignator=C4
Change Component Designator: OldDesignator=C? NewDesignator=C5
Change Component Designator: OldDesignator=C? NewDesignator=C6
Change Component Designator: OldDesignator=C? NewDesignator=C7
Change Component Designator: OldDesignator=C? NewDesignator=C8
Change Component Designator: OldDesignator=C? NewDesignator=C9
Change Component Designator: OldDesignator=C? NewDesignator=C10
Change Component Designator: OldDesignator=C? NewDesignator=C11
Change Component Designator: OldDesignator=C? NewDesignator=C12
Change Component Designator: OldDesignator=C? NewDesignator=C13
Change Component Designator: OldDesignator=D? NewDesignator=D1
Change Component Designator: OldDesignator=D? NewDesignator=D2
Change Component Designator: OldDesignator=D? NewDesignator=D3
Change Component Designator: OldDesignator=D? NewDesignator=D4
Change Component Designator: OldDesignator=D? NewDesignator=D5
Change Component Designator: OldDesignator=D? NewDesignator=D6
Change Component Designator: OldDesignator=D? NewDesignator=D7
Change Component Designator: OldDesignator=IC? NewDesignator=IC1
Change Component Designator: OldDesignator=IC? NewDesignator=IC2
Change Component Designator: OldDesignator=IC? NewDesignator=IC3
Change Component Designator: OldDesignator=IC? NewDesignator=IC4
Change Component Designator: OldDesignator=JP? NewDesignator=JP1
Change Component Designator: OldDesignator=JP? NewDesignator=JP2
Change Component Designator: OldDesignator=JP? NewDesignator=JP3
Change Component Designator: OldDesignator=L? NewDesignator=L1
Change Component Designator: OldDesignator=L? NewDesignator=L2
Change Component Designator: OldDesignator=L? NewDesignator=L3
Change Component Designator: OldDesignator=LED? NewDesignator=LED1
Change Component Designator: OldDesignator=Q? NewDesignator=Q1
Change Component Designator: OldDesignator=Q? NewDesignator=Q2
Change Component Designator: OldDesignator=Q? NewDesignator=Q3
Change Component Designator: OldDesignator=Q? NewDesignator=Q4
Change Component Designator: OldDesignator=R? NewDesignator=R1
Change Component Designator: OldDesignator=R? NewDesignator=R2
Change Component Designator: OldDesignator=R? NewDesignator=R3
Change Component Designator: OldDesignator=R? NewDesignator=R4
Change Component Designator: OldDesignator=R? NewDesignator=R5
Change Component Designator: OldDesignator=R? NewDesignator=R6
Change Component Designator: OldDesignator=R? NewDesignator=R7
Change Component Designator: OldDesignator=R? NewDesignator=R8
Change Component Designator: OldDesignator=R? NewDesignator=R9
Change Component Designator: OldDesignator=R? NewDesignator=R10
Change Component Designator: OldDesignator=R? NewDesignator=R11
Change Component Designator: OldDesignator=R? NewDesignator=R12
Change Component Designator: OldDesignator=R? NewDesignator=R13
Change Component Designator: OldDesignator=R? NewDesignator=R14
Change Component Designator: OldDesignator=R? NewDesignator=R15
Change Component Designator: OldDesignator=R? NewDesignator=R16
Change Component Designator: OldDesignator=R? NewDesignator=R17
Change Component Designator: OldDesignator=R? NewDesignator=R18
Change Component Designator: OldDesignator=RL? NewDesignator=RL1
Change Component Designator: OldDesignator=RL? NewDesignator=RL2
Change Component Designator: OldDesignator=RL? NewDesignator=RL3
Change Component Designator: OldDesignator=RL? NewDesignator=RL4
Change Component Designator: OldDesignator=Transf? NewDesignator=Transf1
Change Component Designator: OldDesignator=U? NewDesignator=U1
Change Net Name : Old Net Name=NetC?_1 New Net Name=NetC5_1
Change Net Name : Old Net Name=NetC?_2 New Net Name=NetC1_2
Change Net Name : Old Net Name=NetD?_1 New Net Name=NetD4_1
Change Net Name : Old Net Name=NetIC?_3 New Net Name=NetIC2_3
Change Net Name : Old Net Name=NetIC?_4 New Net Name=NetIC3_4
Change Net Name : Old Net Name=NetIC?_5 New Net Name=NetIC4_5
Change Net Name : Old Net Name=NetLED?_1 New Net Name=NetLED1_1
Change Net Name : Old Net Name=NetQ?_1 New Net Name=NetQ2_1
Change Net Name : Old Net Name=NetR?_2 New Net Name=NetR3_2
Added Pin To Net: NetName=NetC1_1 Pin=C1-1
Added Pin To Net: NetName=NetC1_1 Pin=C2-1
Added Pin To Net: NetName=NetC1_1 Pin=C3-1
Added Pin To Net: NetName=NetC1_1 Pin=IC1-1
Added Pin To Net: NetName=NetC1_1 Pin=R1-1
Added Pin To Net: NetName=NetC1_1 Pin=Transf1-1
Added Net: Name=NetC1_1
Added Pin To Net: NetName=NetC2_2 Pin=C2-2
Added Pin To Net: NetName=NetC2_2 Pin=IC1-2
Added Pin To Net: NetName=NetC2_2 Pin=L2-1
Added Net: Name=NetC2_2
Added Pin To Net: NetName=NetC4_2 Pin=C4-2
Added Pin To Net: NetName=NetC4_2 Pin=IC1-4
Added Pin To Net: NetName=NetC4_2 Pin=R4-1
Added Net: Name=NetC4_2
Added Pin To Net: NetName=NetC7_1 Pin=C7-1
Added Pin To Net: NetName=NetC7_1 Pin=IC2-1
Added Pin To Net: NetName=NetC7_1 Pin=R5-2
Added Pin To Net: NetName=NetC7_1 Pin=R7-1
Added Net: Name=NetC7_1
Added Pin To Net: NetName=NetC7_2 Pin=C7-2
Added Pin To Net: NetName=NetC7_2 Pin=R6-2
Added Net: Name=NetC7_2
Added Pin To Net: NetName=NetC8_2 Pin=C8-2
Added Pin To Net: NetName=NetC8_2 Pin=IC3-1
Added Net: Name=NetC8_2
Added Pin To Net: NetName=NetC9_1 Pin=C9-1
Added Pin To Net: NetName=NetC9_1 Pin=IC4-1
Added Net: Name=NetC9_1
Added Pin To Net: NetName=NetC9_2 Pin=C9-2
Added Pin To Net: NetName=NetC9_2 Pin=D7-2
Added Pin To Net: NetName=NetC9_2 Pin=IC4-8
Added Pin To Net: NetName=NetC9_2 Pin=L3-1
Added Net: Name=NetC9_2
Added Pin To Net: NetName=NetD1_1 Pin=D1-1
Added Pin To Net: NetName=NetD1_1 Pin=IC3-5
Added Pin To Net: NetName=NetD1_1 Pin=Transf1-2
Added Net: Name=NetD1_1
Added Pin To Net: NetName=NetD2_1 Pin=D2-1
Added Pin To Net: NetName=NetD2_1 Pin=Transf1-6
Added Net: Name=NetD2_1
Added Pin To Net: NetName=NetD3_1 Pin=D3-1
Added Pin To Net: NetName=NetD3_1 Pin=Q1-3
Added Pin To Net: NetName=NetD3_1 Pin=RL1-4
Added Net: Name=NetD3_1
Added Pin To Net: NetName=NetD5_1 Pin=D5-1
Added Pin To Net: NetName=NetD5_1 Pin=Q3-3
Added Pin To Net: NetName=NetD5_1 Pin=RL3-4
Added Net: Name=NetD5_1
Added Pin To Net: NetName=NetD6_1 Pin=D6-1
Added Pin To Net: NetName=NetD6_1 Pin=Q4-3
Added Pin To Net: NetName=NetD6_1 Pin=RL4-4
Added Net: Name=NetD6_1
Added Pin To Net: NetName=NetIC4_4 Pin=IC4-4
Added Pin To Net: NetName=NetIC4_4 Pin=R17-2
Added Pin To Net: NetName=NetIC4_4 Pin=R18-1
Added Net: Name=NetIC4_4
Added Pin To Net: NetName=NetQ1_1 Pin=Q1-1
Added Pin To Net: NetName=NetQ1_1 Pin=R8-2
Added Pin To Net: NetName=NetQ1_1 Pin=R12-2
Added Net: Name=NetQ1_1
Added Pin To Net: NetName=NetQ3_1 Pin=Q3-1
Added Pin To Net: NetName=NetQ3_1 Pin=R10-2
Added Pin To Net: NetName=NetQ3_1 Pin=R14-2
Added Net: Name=NetQ3_1
Added Pin To Net: NetName=NetQ4_1 Pin=Q4-1
Added Pin To Net: NetName=NetQ4_1 Pin=R11-2
Added Pin To Net: NetName=NetQ4_1 Pin=R15-2
Added Net: Name=NetQ4_1
Added Member To Class: ClassName=Switch Member=Component C1 1nF/400V
Added Member To Class: ClassName=Switch Member=Component C2 10uF/400V
Added Member To Class: ClassName=Switch Member=Component C3 10uF/400V
Added Member To Class: ClassName=Switch Member=Component C4 20D471K
Added Member To Class: ClassName=Switch Member=Component C5 470uF/25V
Added Member To Class: ClassName=Switch Member=Component C6 470uF/25V
Added Member To Class: ClassName=Switch Member=Component C7 100nF
Added Member To Class: ClassName=Switch Member=Component C8 100nF
Added Member To Class: ClassName=Switch Member=Component C9 100nF
Added Member To Class: ClassName=Switch Member=Component C10 100nF
Added Member To Class: ClassName=Switch Member=Component C12 220uF
Added Member To Class: ClassName=Switch Member=Component C13 100nF
Added Member To Class: ClassName=Switch Member=Component D2 SS14
Added Member To Class: ClassName=Switch Member=Component D3 M7
Added Member To Class: ClassName=Switch Member=Component D4 M7
Added Member To Class: ClassName=Switch Member=Component D5 M7
Added Member To Class: ClassName=Switch Member=Component D6 M7
Added Member To Class: ClassName=Switch Member=Component D7 1N5822
Added Member To Class: ClassName=Switch Member=Component IC1 MB6S
Added Member To Class: ClassName=Switch Member=Component IC2 TL431
Added Member To Class: ClassName=Switch Member=Component IC3 TNY264
Added Member To Class: ClassName=Switch Member=Component JP1 JP2
Added Member To Class: ClassName=Switch Member=Component JP3 JP2
Added Member To Class: ClassName=Switch Member=Component L2 L-DIP-1
Added Member To Class: ClassName=Switch Member=Component L3 22uH
Added Member To Class: ClassName=Switch Member=Component Q1 2N2222
Added Member To Class: ClassName=Switch Member=Component Q2 2N2222
Added Member To Class: ClassName=Switch Member=Component Q3 2N2222
Added Member To Class: ClassName=Switch Member=Component R1 82k
Added Member To Class: ClassName=Switch Member=Component R2 1k
Added Member To Class: ClassName=Switch Member=Component R3 200R
Added Member To Class: ClassName=Switch Member=Component R5 10k
Added Member To Class: ClassName=Switch Member=Component R6 3.3k
Added Member To Class: ClassName=Switch Member=Component R7 2.7k
Added Member To Class: ClassName=Switch Member=Component R8 1k
Added Member To Class: ClassName=Switch Member=Component R9 1k
Added Member To Class: ClassName=Switch Member=Component R10 1k
Added Member To Class: ClassName=Switch Member=Component R11 1k
Added Member To Class: ClassName=Switch Member=Component R12 10k
Added Member To Class: ClassName=Switch Member=Component R13 10k
Added Member To Class: ClassName=Switch Member=Component R14 10k
Added Member To Class: ClassName=Switch Member=Component R15 10k
Added Member To Class: ClassName=Switch Member=Component R16 100k
Added Member To Class: ClassName=Switch Member=Component R17 10k
Added Member To Class: ClassName=Switch Member=Component R18 6.2k
Added Member To Class: ClassName=Switch Member=Component RL1 Relay_HF32
Added Member To Class: ClassName=Switch Member=Component RL3 Relay_HF32
Added Member To Class: ClassName=Switch Member=Component RL4 Relay_HF32
