Removed Pin From Net: NetName=+12 Pin=J1-1
Removed Pin From Net: NetName=+12 Pin=J1-2
Removed Pin From Net: NetName=GND Pin=J1-3
Removed Pin From Net: NetName=GND Pin=J1-4
Removed Pin From Net: NetName=L_1 Pin=J1-5
Removed Pin From Net: NetName=L_2 Pin=J1-6
Removed Pin From Net: NetName=L_3 Pin=J1-7
Removed Pin From Net: NetName=L_4 Pin=J1-8
Removed Member From Class: ClassName=Switch Member=J1
Added Component: Designator=JP4(JP 2x4 DT)
Add component (AddParameter): Name = "Chung_Loai"; Value = "C?m"; VariantName = "[No Variations]"
Add component (AddParameter): Name = "Don_Vi"; Value = "Con"; VariantName = "[No Variations]"
Add component (AddParameter): Name = "Ghi_Chu"; Value = ""; VariantName = "[No Variations]"
Add component (AddParameter): Name = "Kieu_Chan"; Value = ""; VariantName = "[No Variations]"
Add component (AddParameter): Name = "Ma_Hang"; Value = "MH002686"; VariantName = "[No Variations]"
Add component (AddParameter): Name = "Ten_Linh_Kien"; Value = "Jump Ðôi Ð?c 2.54MM 2x40P Th?ng 11MM"; VariantName = "[No Variations]"
Added Pin To Net: NetName=+12 Pin=JP4-1
Added Pin To Net: NetName=+12 Pin=JP4-2
Added Pin To Net: NetName=GND Pin=JP4-3
Added Pin To Net: NetName=GND Pin=JP4-4
Added Pin To Net: NetName=L_4 Pin=JP4-5
Added Pin To Net: NetName=L_3 Pin=JP4-6
Added Pin To Net: NetName=L_2 Pin=JP4-7
Added Pin To Net: NetName=L_1 Pin=JP4-8
Added Member To Class: ClassName=Switch Member=Component JP4 JP 2x4 2.54
