Removed Pin From Net: NetName=GND Pin=C10-1
Removed Pin From Net: NetName=+12 Pin=C10-2
Removed Pin From Net: NetName=GND Pin=C11-1
Removed Pin From Net: NetName=+12 Pin=C11-2
Removed Pin From Net: NetName=GND Pin=C12-2
Removed Pin From Net: NetName=GND Pin=C13-2
Removed Pin From Net: NetName=GND Pin=D7-1
Removed Pin From Net: NetName=GND Pin=IC4-6
Removed Pin From Net: NetName=+12 Pin=IC4-7
Removed Pin From Net: NetName=GND Pin=IC4-9
Removed Pin From Net: NetName=+12 Pin=R16-2
Removed Pin From Net: NetName=GND Pin=R18-2
Removed Member From Class: ClassName=Switch Member=C9
Removed Member From Class: ClassName=Switch Member=C10
Removed Member From Class: ClassName=Switch Member=C11
Removed Member From Class: ClassName=Switch Member=C12
Removed Member From Class: ClassName=Switch Member=C13
Removed Member From Class: ClassName=Switch Member=D7
Removed Member From Class: ClassName=Switch Member=IC4
Removed Member From Class: ClassName=Switch Member=L3
Removed Member From Class: ClassName=Switch Member=R16
Removed Member From Class: ClassName=Switch Member=R17
Removed Member From Class: ClassName=Switch Member=R18
