Removed Pin From Net: NetName=GND Pin=C1-1
Removed Pin From Net: NetName=GND Pin=C2-1
Removed Pin From Net: NetName=+3.3V Pin=C3-2
Removed Pin From Net: NetName=+3.3V Pin=C4-2
Removed Pin From Net: NetName=NetL1_1 Pin=R1-2
Removed Pin From Net: NetName=NetL2_1 Pin=R2-2
Removed Pin From Net: NetName=NetL3_1 Pin=R3-2
Removed Pin From Net: NetName=NetL4_1 Pin=R4-2
Removed Pin From Net: NetName=AHLB Pin=R5-1
Removed Pin From Net: NetName=+3.3V Pin=R5-2
Removed Pin From Net: NetName=TOG Pin=R6-1
Removed Pin From Net: NetName=+3.3V Pin=R6-2
Removed Pin From Net: NetName=LPMB Pin=R7-1
Removed Pin From Net: NetName=+3.3V Pin=R7-2
Removed Pin From Net: NetName=SM Pin=R8-1
Removed Pin From Net: NetName=GND Pin=R8-2
Removed Pin From Net: NetName=OD Pin=R9-1
Removed Pin From Net: NetName=GND Pin=R9-2
Removed Pin From Net: NetName=MOT0 Pin=R10-1
Removed Pin From Net: NetName=GND Pin=R10-2
Change Component Comment : Designator=C4 Old Comment=10uF New Comment=30pF
Change Component Comment : Designator=C6 Old Comment=30pF New Comment=10uF
Change Component Comment : Designator=C5 Old Comment=30pF New Comment=100nF
Change Component Comment : Designator=C3 Old Comment=100nF New Comment=30pF
Change Component Designator: OldDesignator=C7 NewDesignator=C1
Change Component Designator: OldDesignator=C8 NewDesignator=C2
Change Component Designator: OldDesignator=R11 NewDesignator=R1
Change Component Designator: OldDesignator=R12 NewDesignator=R2
Change Component Designator: OldDesignator=R13 NewDesignator=R3
Change Component Designator: OldDesignator=R14 NewDesignator=R4
Change Component Designator: OldDesignator=R15 NewDesignator=R5
Change Component Designator: OldDesignator=R16 NewDesignator=R6
Change Component Designator: OldDesignator=R17 NewDesignator=R7
Change Component Designator: OldDesignator=R18 NewDesignator=R8
Change Component Designator: OldDesignator=R19 NewDesignator=R9
Change Component Designator: OldDesignator=R20 NewDesignator=R10
Change Component Designator: OldDesignator=R21 NewDesignator=R11
Added Component: Designator=C7(CAP_0805)
Add component (AddParameter): Name = "LatestRevisionDate"; Value = "17-Jul-2002"; VariantName = "[No Variations]"
Add component (AddParameter): Name = "LatestRevisionNote"; Value = "Re-released for DXP Platform."; VariantName = "[No Variations]"
Add component (AddParameter): Name = "PackageReference"; Value = "RAD-0.3"; VariantName = "[No Variations]"
Add component (AddParameter): Name = "Published"; Value = "8-Jun-2000"; VariantName = "[No Variations]"
Add component (AddParameter): Name = "Publisher"; Value = "Altium Limited"; VariantName = "[No Variations]"
Add component (AddParameter): Name = "Value"; Value = "33p"; VariantName = "[No Variations]"
Added Component: Designator=C8(CAP_0805)
Add component (AddParameter): Name = "LatestRevisionDate"; Value = "17-Jul-2002"; VariantName = "[No Variations]"
Add component (AddParameter): Name = "LatestRevisionNote"; Value = "Re-released for DXP Platform."; VariantName = "[No Variations]"
Add component (AddParameter): Name = "PackageReference"; Value = "RAD-0.3"; VariantName = "[No Variations]"
Add component (AddParameter): Name = "Published"; Value = "8-Jun-2000"; VariantName = "[No Variations]"
Add component (AddParameter): Name = "Publisher"; Value = "Altium Limited"; VariantName = "[No Variations]"
Add component (AddParameter): Name = "Value"; Value = "33p"; VariantName = "[No Variations]"
Added Component: Designator=IC1(TTP224)
Added Component: Designator=R12(RES-SMD-0805)
Add component (AddParameter): Name = "Class"; Value = "Passive"; VariantName = "[No Variations]"
Add component (AddParameter): Name = "Manufacturer"; Value = "Generic Components"; VariantName = "[No Variations]"
Add component (AddParameter): Name = "Published"; Value = "08/06/2000"; VariantName = "[No Variations]"
Add component (AddParameter): Name = "Publisher"; Value = "Altium Hobart Technology Centre"; VariantName = "[No Variations]"
Added Component: Designator=R13(RES-SMD-0805)
Add component (AddParameter): Name = "Class"; Value = "Passive"; VariantName = "[No Variations]"
Add component (AddParameter): Name = "Manufacturer"; Value = "Generic Components"; VariantName = "[No Variations]"
Add component (AddParameter): Name = "Published"; Value = "08/06/2000"; VariantName = "[No Variations]"
Add component (AddParameter): Name = "Publisher"; Value = "Altium Hobart Technology Centre"; VariantName = "[No Variations]"
Added Component: Designator=R14(RES-SMD-0805)
Add component (AddParameter): Name = "Class"; Value = "Passive"; VariantName = "[No Variations]"
Add component (AddParameter): Name = "Manufacturer"; Value = "Generic Components"; VariantName = "[No Variations]"
Add component (AddParameter): Name = "Published"; Value = "08/06/2000"; VariantName = "[No Variations]"
Add component (AddParameter): Name = "Publisher"; Value = "Altium Hobart Technology Centre"; VariantName = "[No Variations]"
Added Component: Designator=R15(RES-SMD-0805)
Add component (AddParameter): Name = "Class"; Value = "Passive"; VariantName = "[No Variations]"
Add component (AddParameter): Name = "Manufacturer"; Value = "Generic Components"; VariantName = "[No Variations]"
Add component (AddParameter): Name = "Published"; Value = "08/06/2000"; VariantName = "[No Variations]"
Add component (AddParameter): Name = "Publisher"; Value = "Altium Hobart Technology Centre"; VariantName = "[No Variations]"
Added Component: Designator=R16(RES-SMD-0805)
Add component (AddParameter): Name = "Class"; Value = "Passive"; VariantName = "[No Variations]"
Add component (AddParameter): Name = "Manufacturer"; Value = "Generic Components"; VariantName = "[No Variations]"
Add component (AddParameter): Name = "Published"; Value = "08/06/2000"; VariantName = "[No Variations]"
Add component (AddParameter): Name = "Publisher"; Value = "Altium Hobart Technology Centre"; VariantName = "[No Variations]"
Added Component: Designator=R17(RES-SMD-0805)
Add component (AddParameter): Name = "Class"; Value = "Passive"; VariantName = "[No Variations]"
Add component (AddParameter): Name = "Manufacturer"; Value = "Generic Components"; VariantName = "[No Variations]"
Add component (AddParameter): Name = "Published"; Value = "08/06/2000"; VariantName = "[No Variations]"
Add component (AddParameter): Name = "Publisher"; Value = "Altium Hobart Technology Centre"; VariantName = "[No Variations]"
Added Component: Designator=R18(RES-SMD-0805)
Add component (AddParameter): Name = "Class"; Value = "Passive"; VariantName = "[No Variations]"
Add component (AddParameter): Name = "Manufacturer"; Value = "Generic Components"; VariantName = "[No Variations]"
Add component (AddParameter): Name = "Published"; Value = "08/06/2000"; VariantName = "[No Variations]"
Add component (AddParameter): Name = "Publisher"; Value = "Altium Hobart Technology Centre"; VariantName = "[No Variations]"
Added Component: Designator=R19(RES-SMD-0805)
Add component (AddParameter): Name = "Class"; Value = "Passive"; VariantName = "[No Variations]"
Add component (AddParameter): Name = "Manufacturer"; Value = "Generic Components"; VariantName = "[No Variations]"
Add component (AddParameter): Name = "Published"; Value = "08/06/2000"; VariantName = "[No Variations]"
Add component (AddParameter): Name = "Publisher"; Value = "Altium Hobart Technology Centre"; VariantName = "[No Variations]"
Added Component: Designator=R20(RES-SMD-0805)
Add component (AddParameter): Name = "Class"; Value = "Passive"; VariantName = "[No Variations]"
Add component (AddParameter): Name = "Manufacturer"; Value = "Generic Components"; VariantName = "[No Variations]"
Add component (AddParameter): Name = "Published"; Value = "08/06/2000"; VariantName = "[No Variations]"
Add component (AddParameter): Name = "Publisher"; Value = "Altium Hobart Technology Centre"; VariantName = "[No Variations]"
Added Component: Designator=R21(RES-SMD-0805)
Add component (AddParameter): Name = "Class"; Value = "Passive"; VariantName = "[No Variations]"
Add component (AddParameter): Name = "Manufacturer"; Value = "Generic Components"; VariantName = "[No Variations]"
Add component (AddParameter): Name = "Published"; Value = "08/06/2000"; VariantName = "[No Variations]"
Add component (AddParameter): Name = "Publisher"; Value = "Altium Hobart Technology Centre"; VariantName = "[No Variations]"
Added Pin To Net: NetName=+3.3V Pin=C5-2
Added Pin To Net: NetName=+3.3V Pin=C6-2
Added Pin To Net: NetName=GND Pin=C7-1
Added Pin To Net: NetName=GND Pin=C8-1
Added Pin To Net: NetName=AHLB Pin=IC1-5
Added Pin To Net: NetName=+3.3V Pin=IC1-6
Added Pin To Net: NetName=TOG Pin=IC1-7
Added Pin To Net: NetName=LPMB Pin=IC1-8
Added Pin To Net: NetName=MOT0 Pin=IC1-9
Added Pin To Net: NetName=GND Pin=IC1-10
Added Pin To Net: NetName=OD Pin=IC1-11
Added Pin To Net: NetName=SM Pin=IC1-12
Added Pin To Net: NetName=IO23 Pin=IC1-13
Added Pin To Net: NetName=IO22 Pin=IC1-14
Added Pin To Net: NetName=IO21 Pin=IC1-15
Added Pin To Net: NetName=IO19 Pin=IC1-16
Added Pin To Net: NetName=IO23 Pin=R12-1
Added Pin To Net: NetName=NetL1_1 Pin=R12-2
Added Pin To Net: NetName=IO22 Pin=R13-1
Added Pin To Net: NetName=NetL2_1 Pin=R13-2
Added Pin To Net: NetName=IO21 Pin=R14-1
Added Pin To Net: NetName=NetL3_1 Pin=R14-2
Added Pin To Net: NetName=IO19 Pin=R15-1
Added Pin To Net: NetName=NetL4_1 Pin=R15-2
Added Pin To Net: NetName=AHLB Pin=R16-1
Added Pin To Net: NetName=+3.3V Pin=R16-2
Added Pin To Net: NetName=TOG Pin=R17-1
Added Pin To Net: NetName=+3.3V Pin=R17-2
Added Pin To Net: NetName=LPMB Pin=R18-1
Added Pin To Net: NetName=+3.3V Pin=R18-2
Added Pin To Net: NetName=SM Pin=R19-1
Added Pin To Net: NetName=GND Pin=R19-2
Added Pin To Net: NetName=OD Pin=R20-1
Added Pin To Net: NetName=GND Pin=R20-2
Added Pin To Net: NetName=MOT0 Pin=R21-1
Added Pin To Net: NetName=GND Pin=R21-2
Added Pin To Net: NetName=NetC3_2 Pin=C3-2
Added Pin To Net: NetName=NetC3_2 Pin=IC1-1
Added Net: Name=NetC3_2
Added Pin To Net: NetName=NetC4_2 Pin=C4-2
Added Pin To Net: NetName=NetC4_2 Pin=IC1-2
Added Net: Name=NetC4_2
Added Pin To Net: NetName=NetC7_2 Pin=C7-2
Added Pin To Net: NetName=NetC7_2 Pin=IC1-3
Added Net: Name=NetC7_2
Added Pin To Net: NetName=NetC8_2 Pin=C8-2
Added Pin To Net: NetName=NetC8_2 Pin=IC1-4
Added Net: Name=NetC8_2
Added Member To Class: ClassName=ESP32 Member=Component C3 30pF
Added Member To Class: ClassName=ESP32 Member=Component C4 30pF
Added Member To Class: ClassName=ESP32 Member=Component C5 100nF
Added Member To Class: ClassName=ESP32 Member=Component C6 10uF
Added Member To Class: ClassName=ESP32 Member=Component C7 30pF
Added Member To Class: ClassName=ESP32 Member=Component C8 30pF
Added Member To Class: ClassName=TPS5430 Member=Component C9 100nF
Added Member To Class: ClassName=TPS5430 Member=Component C10 100nF
Added Member To Class: ClassName=TPS5430 Member=Component C11 10uF
Added Member To Class: ClassName=TPS5430 Member=Component C12 220uF
Added Member To Class: ClassName=TPS5430 Member=Component C13 10uF
Added Member To Class: ClassName=ESP32 Member=Component IC1 TTP224
Added Member To Class: ClassName=ESP32 Member=Component L1 LED
Added Member To Class: ClassName=ESP32 Member=Component L2 LED
Added Member To Class: ClassName=ESP32 Member=Component L3 LED
Added Member To Class: ClassName=ESP32 Member=Component L4 LED
Added Member To Class: ClassName=ESP32 Member=Component R12 1k
Added Member To Class: ClassName=ESP32 Member=Component R13 1k
Added Member To Class: ClassName=ESP32 Member=Component R14 1k
Added Member To Class: ClassName=ESP32 Member=Component R15 1k
Added Member To Class: ClassName=ESP32 Member=Component R16 0R
Added Member To Class: ClassName=ESP32 Member=Component R17 0R
Added Member To Class: ClassName=ESP32 Member=Component R18 0R
Added Member To Class: ClassName=ESP32 Member=Component R19 0R
Added Member To Class: ClassName=ESP32 Member=Component R20 0R
Added Member To Class: ClassName=ESP32 Member=Component R21 0R
Added Member To Class: ClassName=TPS5430 Member=Component R22 100k
Added Member To Class: ClassName=TPS5430 Member=Component R23 10k
Added Member To Class: ClassName=TPS5430 Member=Component R24 6.2k
Added Room: Name=ESP32
Added Room: Name=TPS5430
