Removed Pin From Net: NetName=IO32 Pin=U1-8
Removed Pin From Net: NetName=IO26 Pin=U1-11
Removed Pin From Net: NetName=IO27 Pin=U1-12
Change Component Footprint: Designator=JP1 Old Footprint=JP 2x4 DT New Footprint=JP2x4_PAD
Added Pin To Net: NetName=RL4 Pin=U1-8
Added Pin To Net: NetName=RL1 Pin=U1-10
Added Pin To Net: NetName=RL2 Pin=U1-11
Added Pin To Net: NetName=RL3 Pin=U1-12
Added Member To Class: ClassName=ESP32 Member=Component C1 100nF
Added Member To Class: ClassName=ESP32 Member=Component C2 10uF
Added Member To Class: ClassName=ESP32 Member=Component C7 30pF
Added Member To Class: ClassName=ESP32 Member=Component C8 30pF
Added Member To Class: ClassName=ESP32 Member=Component R1 10k
Added Member To Class: ClassName=ESP32 Member=Component R2 10k
Added Member To Class: ClassName=ESP32 Member=Component R3 10k
Added Member To Class: ClassName=ESP32 Member=Component R4 1k
Added Member To Class: ClassName=ESP32 Member=Component R5 1k
Added Member To Class: ClassName=ESP32 Member=Component R6 1k
Added Member To Class: ClassName=ESP32 Member=Component R7 1k
Added Member To Class: ClassName=ESP32 Member=Component R8 1k
Added Member To Class: ClassName=ESP32 Member=Component R9 1k
Added Member To Class: ClassName=ESP32 Member=Component R10 1k
Added Member To Class: ClassName=ESP32 Member=Component R12 1k
Added Member To Class: ClassName=ESP32 Member=Component R13 1k
Added Member To Class: ClassName=ESP32 Member=Component R14 1k
Added Member To Class: ClassName=ESP32 Member=Component R15 1k
Added Member To Class: ClassName=ESP32 Member=Component R16 0R
Added Member To Class: ClassName=ESP32 Member=Component R17 0R
Added Member To Class: ClassName=ESP32 Member=Component R18 0R
Added Member To Class: ClassName=ESP32 Member=Component R19 0R
Added Member To Class: ClassName=ESP32 Member=Component R20 0R
Added Member To Class: ClassName=ESP32 Member=Component R21 0R
