Removed Pin From Net: NetName=GND Pin=C1-1
Removed Pin From Net: NetName=GND Pin=C2-1
Removed Pin From Net: NetName=GND Pin=C3-1
Removed Pin From Net: NetName=+3.3V Pin=C3-2
Removed Pin From Net: NetName=GND Pin=C4-1
Removed Pin From Net: NetName=+3.3V Pin=C4-2
Removed Pin From Net: NetName=GND Pin=C5-1
Removed Pin From Net: NetName=GND Pin=C6-1
Removed Pin From Net: NetName=GND Pin=C14-1
Removed Pin From Net: NetName=GND Pin=C15-1
Removed Pin From Net: NetName=+3.3V Pin=C16-1
Removed Pin From Net: NetName=GND Pin=C16-2
Removed Pin From Net: NetName=+3.3V Pin=C17-1
Removed Pin From Net: NetName=GND Pin=C17-2
Removed Pin From Net: NetName=GND Pin=D1-1
Removed Pin From Net: NetName=+3.3V Pin=IC1-6
Removed Pin From Net: NetName=GND Pin=IC1-10
Removed Pin From Net: NetName=GND Pin=IC2-6
Removed Pin From Net: NetName=GND Pin=IC2-9
Removed Pin From Net: NetName=+12 Pin=JP1-1
Removed Pin From Net: NetName=+12 Pin=JP1-2
Removed Pin From Net: NetName=GND Pin=L1-2
Removed Pin From Net: NetName=GND Pin=L2-2
Removed Pin From Net: NetName=GND Pin=L3-2
Removed Pin From Net: NetName=GND Pin=L4-2
Removed Pin From Net: NetName=+3.3V Pin=L5-2
Removed Pin From Net: NetName=IO33 Pin=LED8-2
Removed Pin From Net: NetName=+3.3V Pin=R5-2
Removed Pin From Net: NetName=+3.3V Pin=R6-2
Removed Pin From Net: NetName=+3.3V Pin=R7-2
Removed Pin From Net: NetName=GND Pin=R8-2
Removed Pin From Net: NetName=GND Pin=R9-2
Removed Pin From Net: NetName=GND Pin=R10-2
Removed Pin From Net: NetName=+3.3V Pin=R25-2
Removed Pin From Net: NetName=GND Pin=R26-1
Added Pin To Net: NetName=IO23 Pin=IC1-13
Added Pin To Net: NetName=IO22 Pin=IC1-14
Added Pin To Net: NetName=IO21 Pin=IC1-15
Added Pin To Net: NetName=IO19 Pin=IC1-16
Added Pin To Net: NetName=IO32 Pin=LED8-2
Added Pin To Net: NetName=IO23 Pin=R1-1
Added Pin To Net: NetName=IO22 Pin=R2-1
Added Pin To Net: NetName=IO21 Pin=R3-1
Added Pin To Net: NetName=IO19 Pin=R4-1
Change Class Name : Old Net Name=ESP32 New Net Name=U_ESP32
Change Class Name : Old Net Name=TPS5430 New Net Name=U_TPS5430
Change Class Name : Old Net Name=TTP224 New Net Name=U_TTP224
