Removed Pin From Net: NetName=+3.3V Pin=C3-1
Removed Pin From Net: NetName=+3.3V Pin=C4-1
Removed Pin From Net: NetName=+3.3V Pin=C5-1
Removed Pin From Net: NetName=+3.3V Pin=C6-1
Removed Pin From Net: NetName=+3.3V Pin=R1-1
Removed Pin From Net: NetName=+3.3V Pin=R2-2
Removed Pin From Net: NetName=+3.3V Pin=R4-1
Removed Pin From Net: NetName=+3.3V Pin=U1-2
Removed Pin From Net: NetName=+3.3V Pin=U1-2
Removed Pin From Net: NetName=+3.3V Pin=U2-2
Removed Pin From Net: NetName=+3.3V Pin=U3-4
Removed Pin From Net: NetName=+3.3V Pin=U3-16
Change Net Name : Old Net Name=+3.3V New Net Name=GND
Added Pin To Net: NetName=+3.3V Pin=C3-1
Added Pin To Net: NetName=+3.3V Pin=C4-1
Added Pin To Net: NetName=+3.3V Pin=C5-1
Added Pin To Net: NetName=+3.3V Pin=C6-1
Added Pin To Net: NetName=+3.3V Pin=R1-1
Added Pin To Net: NetName=+3.3V Pin=R2-2
Added Pin To Net: NetName=+3.3V Pin=R4-1
Added Pin To Net: NetName=+3.3V Pin=U1-2
Added Pin To Net: NetName=+3.3V Pin=U1-2
Added Pin To Net: NetName=+3.3V Pin=U2-2
Added Pin To Net: NetName=+3.3V Pin=U3-4
Added Pin To Net: NetName=+3.3V Pin=U3-16
Added Net: Name=+3.3V
Added Member To Class: ClassName=Power Member=Component C7 1nF/400V
Added Member To Class: ClassName=Power Member=Component C8 10uF/400V
Added Member To Class: ClassName=Power Member=Component C10 20D471K
Added Member To Class: ClassName=Power Member=Component C12 470uF/16V
