Removed Pin From Net: NetName=+3.3V Pin=J1-1
Removed Pin From Net: NetName=GND Pin=J1-2
Removed Pin From Net: NetName=IO5 Pin=J1-3
Removed Pin From Net: NetName=IO0 Pin=J1-4
Removed Pin From Net: NetName=IO18 Pin=J1-5
Removed Pin From Net: NetName=IO23 Pin=J1-6
Removed Pin From Net: NetName=IO25 Pin=J1-7
Removed Pin From Net: NetName=IO26 Pin=J1-8
Removed Pin From Net: NetName=IO35 Pin=J1-9
Removed Pin From Net: NetName=GND Pin=J1-10
Removed Member From Class: ClassName=ESP32 Member=J2
Change Component Designator: OldDesignator=J2 NewDesignator=J1
Added Component: Designator=JP1(JP 2x5 DT)
Add component (AddParameter): Name = "Chung_Loai"; Value = "C?m"; VariantName = "[No Variations]"
Add component (AddParameter): Name = "Don_Vi"; Value = "Con"; VariantName = "[No Variations]"
Add component (AddParameter): Name = "Ghi_Chu"; Value = ""; VariantName = "[No Variations]"
Add component (AddParameter): Name = "Kieu_Chan"; Value = ""; VariantName = "[No Variations]"
Add component (AddParameter): Name = "Ma_Hang"; Value = "MH002686"; VariantName = "[No Variations]"
Add component (AddParameter): Name = "Ten_Linh_Kien"; Value = "Jump Ðôi Ð?c 2.54MM 2x40P Th?ng 11MM"; VariantName = "[No Variations]"
Added Pin To Net: NetName=+3.3V Pin=JP1-1
Added Pin To Net: NetName=IO5 Pin=JP1-2
Added Pin To Net: NetName=IO18 Pin=JP1-3
Added Pin To Net: NetName=IO25 Pin=JP1-4
Added Pin To Net: NetName=IO35 Pin=JP1-5
Added Pin To Net: NetName=GND Pin=JP1-6
Added Pin To Net: NetName=IO26 Pin=JP1-7
Added Pin To Net: NetName=IO23 Pin=JP1-8
Added Pin To Net: NetName=IO0 Pin=JP1-9
Added Pin To Net: NetName=GND Pin=JP1-10
Change Net Name : Old Net Name=NetJ2_1 New Net Name=NetJ1_1
Added Member To Class: ClassName=ESP32 Member=Component JP1 JP 2x5 2.54
